<?xml version="1.0" encoding="UTF-8"?>
<testng-results ignored="0" total="2" passed="2" failed="0" skipped="0">
  <reporter-output>
  </reporter-output>
  <suite started-at="2022-04-04T12:21:06 CDT" name="Default suite" finished-at="2022-04-04T12:21:06 CDT" duration-ms="72">
    <groups>
    </groups>
    <test started-at="2022-04-04T12:21:06 CDT" name="Default test" finished-at="2022-04-04T12:21:06 CDT" duration-ms="72">
      <class name="com.testNg.testNgAnnotations">
        <test-method is-config="true" signature="beforeSuite()[pri:0, instance:com.testNg.testNgAnnotations@3d74bf60]" started-at="2022-04-04T12:20:59 CDT" name="beforeSuite" finished-at="2022-04-04T12:21:06 CDT" duration-ms="6702" status="PASS">
          <reporter-output>
          </reporter-output>
        </test-method> <!-- beforeSuite -->
        <test-method is-config="true" signature="beforeTest()[pri:0, instance:com.testNg.testNgAnnotations@3d74bf60]" started-at="2022-04-04T12:21:06 CDT" name="beforeTest" finished-at="2022-04-04T12:21:06 CDT" duration-ms="1" status="PASS">
          <reporter-output>
          </reporter-output>
        </test-method> <!-- beforeTest -->
        <test-method is-config="true" signature="beforeClass()[pri:0, instance:com.testNg.testNgAnnotations@3d74bf60]" started-at="2022-04-04T12:21:06 CDT" name="beforeClass" finished-at="2022-04-04T12:21:06 CDT" duration-ms="0" status="PASS">
          <reporter-output>
          </reporter-output>
        </test-method> <!-- beforeClass -->
        <test-method is-config="true" signature="beforeMethod()[pri:0, instance:com.testNg.testNgAnnotations@3d74bf60]" started-at="2022-04-04T12:21:06 CDT" name="beforeMethod" finished-at="2022-04-04T12:21:06 CDT" duration-ms="0" status="PASS">
          <reporter-output>
          </reporter-output>
        </test-method> <!-- beforeMethod -->
        <test-method signature="ValidatePageLoadSuccessfully()[pri:0, instance:com.testNg.testNgAnnotations@3d74bf60]" started-at="2022-04-04T12:21:06 CDT" name="ValidatePageLoadSuccessfully" finished-at="2022-04-04T12:21:06 CDT" duration-ms="48" status="PASS">
          <reporter-output>
          </reporter-output>
        </test-method> <!-- ValidatePageLoadSuccessfully -->
        <test-method is-config="true" signature="afterMethod()[pri:0, instance:com.testNg.testNgAnnotations@3d74bf60]" started-at="2022-04-04T12:21:06 CDT" name="afterMethod" finished-at="2022-04-04T12:21:06 CDT" duration-ms="0" status="PASS">
          <reporter-output>
          </reporter-output>
        </test-method> <!-- afterMethod -->
        <test-method is-config="true" signature="beforeMethod()[pri:0, instance:com.testNg.testNgAnnotations@3d74bf60]" started-at="2022-04-04T12:21:06 CDT" name="beforeMethod" finished-at="2022-04-04T12:21:06 CDT" duration-ms="1" status="PASS">
          <reporter-output>
          </reporter-output>
        </test-method> <!-- beforeMethod -->
        <test-method signature="TestCase2()[pri:1, instance:com.testNg.testNgAnnotations@3d74bf60]" started-at="2022-04-04T12:21:06 CDT" name="TestCase2" finished-at="2022-04-04T12:21:06 CDT" duration-ms="0" status="PASS">
          <reporter-output>
          </reporter-output>
        </test-method> <!-- TestCase2 -->
        <test-method is-config="true" signature="afterMethod()[pri:0, instance:com.testNg.testNgAnnotations@3d74bf60]" started-at="2022-04-04T12:21:06 CDT" name="afterMethod" finished-at="2022-04-04T12:21:06 CDT" duration-ms="0" status="PASS">
          <reporter-output>
          </reporter-output>
        </test-method> <!-- afterMethod -->
        <test-method is-config="true" signature="afterClass()[pri:0, instance:com.testNg.testNgAnnotations@3d74bf60]" started-at="2022-04-04T12:21:06 CDT" name="afterClass" finished-at="2022-04-04T12:21:06 CDT" duration-ms="0" status="PASS">
          <reporter-output>
          </reporter-output>
        </test-method> <!-- afterClass -->
        <test-method is-config="true" signature="afterTest()[pri:0, instance:com.testNg.testNgAnnotations@3d74bf60]" started-at="2022-04-04T12:21:06 CDT" name="afterTest" finished-at="2022-04-04T12:21:06 CDT" duration-ms="0" status="PASS">
          <reporter-output>
          </reporter-output>
        </test-method> <!-- afterTest -->
        <test-method is-config="true" signature="afterSuite()[pri:0, instance:com.testNg.testNgAnnotations@3d74bf60]" started-at="2022-04-04T12:21:06 CDT" name="afterSuite" finished-at="2022-04-04T12:21:06 CDT" duration-ms="0" status="PASS">
          <reporter-output>
          </reporter-output>
        </test-method> <!-- afterSuite -->
      </class> <!-- com.testNg.testNgAnnotations -->
    </test> <!-- Default test -->
  </suite> <!-- Default suite -->
</testng-results>
